<?xml version="1.0" encoding="UTF-8"?>
<!-- Generated by org.testng.reporters.JUnitXMLReporter -->
<testsuite ignored="0" hostname="DESKTOP-JPO07VB" failures="0" tests="4" name="ProductDisplayTest" time="23.469" errors="0" timestamp="2025-02-21T20:03:08 IST">
  <testcase classname="tests.ProductDisplayTest" name="searchProduct" time="1.541"/>
  <testcase classname="tests.ProductDisplayTest" name="clickOnProductImage" time="1.217"/>
  <testcase classname="tests.ProductDisplayTest" name="clickOnLeftRightArrow" time="0.518"/>
  <testcase classname="tests.ProductDisplayTest" name="clickOnNormalImg" time="5.18"/>
</testsuite> <!-- ProductDisplayTest -->
