<?xml version="1.0" encoding="UTF-8"?>
<testng-results ignored="0" total="4" passed="4" failed="0" skipped="0">
  <reporter-output>
  </reporter-output>
  <suite started-at="2025-02-21T14:24:33 IST" name="Suite" finished-at="2025-02-21T14:24:59 IST" duration-ms="25819">
    <groups>
    </groups>
    <test started-at="2025-02-21T14:24:33 IST" name="ProductDisplayTest" finished-at="2025-02-21T14:24:59 IST" duration-ms="25819">
      <class name="tests.ProductDisplayTest">
        <test-method is-config="true" signature="launchurl()[pri:0, instance:tests.ProductDisplayTest@30c15d8b]" started-at="2025-02-21T14:24:33 IST" name="launchurl" finished-at="2025-02-21T14:24:49 IST" duration-ms="16050" status="PASS">
          <reporter-output>
          </reporter-output>
        </test-method> <!-- launchurl -->
        <test-method signature="searchProduct()[pri:1, instance:tests.ProductDisplayTest@30c15d8b]" started-at="2025-02-21T14:24:49 IST" name="searchProduct" finished-at="2025-02-21T14:24:51 IST" duration-ms="1535" status="PASS">
          <reporter-output>
          </reporter-output>
        </test-method> <!-- searchProduct -->
        <test-method signature="clickOnProductImage()[pri:2, instance:tests.ProductDisplayTest@30c15d8b]" started-at="2025-02-21T14:24:51 IST" name="clickOnProductImage" finished-at="2025-02-21T14:24:53 IST" duration-ms="1801" status="PASS">
          <reporter-output>
          </reporter-output>
        </test-method> <!-- clickOnProductImage -->
        <test-method signature="clickOnLeftRightArrow()[pri:3, instance:tests.ProductDisplayTest@30c15d8b]" started-at="2025-02-21T14:24:53 IST" name="clickOnLeftRightArrow" finished-at="2025-02-21T14:24:53 IST" duration-ms="408" status="PASS">
          <reporter-output>
          </reporter-output>
        </test-method> <!-- clickOnLeftRightArrow -->
        <test-method signature="clickOnNormalImg()[pri:4, instance:tests.ProductDisplayTest@30c15d8b]" started-at="2025-02-21T14:24:53 IST" name="clickOnNormalImg" finished-at="2025-02-21T14:24:59 IST" duration-ms="5813" status="PASS">
          <reporter-output>
          </reporter-output>
        </test-method> <!-- clickOnNormalImg -->
      </class> <!-- tests.ProductDisplayTest -->
    </test> <!-- ProductDisplayTest -->
  </suite> <!-- Suite -->
</testng-results>
