<?xml version="1.0" encoding="UTF-8"?>
<testng-results ignored="0" total="4" passed="4" failed="0" skipped="0">
  <reporter-output>
  </reporter-output>
  <suite started-at="2025-02-22T18:45:00 IST" name="Suite" finished-at="2025-02-22T18:45:16 IST" duration-ms="15519">
    <groups>
    </groups>
    <test started-at="2025-02-22T18:45:00 IST" name="AddToCartTest" finished-at="2025-02-22T18:45:16 IST" duration-ms="15519">
      <class name="tests.AddToCartTest">
        <test-method is-config="true" signature="launchurl()[pri:0, instance:tests.AddToCartTest@291caca8]" started-at="2025-02-22T18:45:00 IST" name="launchurl" finished-at="2025-02-22T18:45:12 IST" duration-ms="11029" status="PASS">
          <reporter-output>
          </reporter-output>
        </test-method> <!-- launchurl -->
        <test-method signature="searchProduct()[pri:1, instance:tests.AddToCartTest@291caca8]" started-at="2025-02-22T18:45:12 IST" name="searchProduct" finished-at="2025-02-22T18:45:13 IST" duration-ms="1357" status="PASS">
          <reporter-output>
          </reporter-output>
        </test-method> <!-- searchProduct -->
        <test-method signature="clickProductDisplayed()[pri:2, instance:tests.AddToCartTest@291caca8]" started-at="2025-02-22T18:45:13 IST" name="clickProductDisplayed" finished-at="2025-02-22T18:45:14 IST" duration-ms="1487" status="PASS">
          <reporter-output>
          </reporter-output>
        </test-method> <!-- clickProductDisplayed -->
        <test-method signature="clickOnAddToCart()[pri:3, instance:tests.AddToCartTest@291caca8]" started-at="2025-02-22T18:45:14 IST" name="clickOnAddToCart" finished-at="2025-02-22T18:45:15 IST" duration-ms="177" status="PASS">
          <reporter-output>
          </reporter-output>
        </test-method> <!-- clickOnAddToCart -->
        <test-method signature="clickOnShoppingCart()[pri:4, instance:tests.AddToCartTest@291caca8]" started-at="2025-02-22T18:45:15 IST" name="clickOnShoppingCart" finished-at="2025-02-22T18:45:16 IST" duration-ms="1287" status="PASS">
          <reporter-output>
          </reporter-output>
        </test-method> <!-- clickOnShoppingCart -->
      </class> <!-- tests.AddToCartTest -->
    </test> <!-- AddToCartTest -->
  </suite> <!-- Suite -->
</testng-results>
