<?xml version="1.0" encoding="UTF-8"?>
<testng-results ignored="0" total="3" passed="3" failed="0" skipped="0">
  <reporter-output>
  </reporter-output>
  <suite started-at="2025-02-21T14:21:36 IST" name="Suite" finished-at="2025-02-21T14:21:50 IST" duration-ms="13336">
    <groups>
    </groups>
    <test started-at="2025-02-21T14:21:36 IST" name="ProductDisplayTest" finished-at="2025-02-21T14:21:50 IST" duration-ms="13336">
      <class name="tests.ProductDisplayTest">
        <test-method is-config="true" signature="launchurl()[pri:0, instance:tests.ProductDisplayTest@4961f6af]" started-at="2025-02-21T14:21:36 IST" name="launchurl" finished-at="2025-02-21T14:21:46 IST" duration-ms="9764" status="PASS">
          <reporter-output>
          </reporter-output>
        </test-method> <!-- launchurl -->
        <test-method signature="searchProduct()[pri:1, instance:tests.ProductDisplayTest@4961f6af]" started-at="2025-02-21T14:21:46 IST" name="searchProduct" finished-at="2025-02-21T14:21:48 IST" duration-ms="1620" status="PASS">
          <reporter-output>
          </reporter-output>
        </test-method> <!-- searchProduct -->
        <test-method signature="clickOnProductImage()[pri:2, instance:tests.ProductDisplayTest@4961f6af]" started-at="2025-02-21T14:21:48 IST" name="clickOnProductImage" finished-at="2025-02-21T14:21:49 IST" duration-ms="1286" status="PASS">
          <reporter-output>
          </reporter-output>
        </test-method> <!-- clickOnProductImage -->
        <test-method signature="clickOnLeftRightArrow()[pri:3, instance:tests.ProductDisplayTest@4961f6af]" started-at="2025-02-21T14:21:49 IST" name="clickOnLeftRightArrow" finished-at="2025-02-21T14:21:50 IST" duration-ms="462" status="PASS">
          <reporter-output>
          </reporter-output>
        </test-method> <!-- clickOnLeftRightArrow -->
      </class> <!-- tests.ProductDisplayTest -->
    </test> <!-- ProductDisplayTest -->
  </suite> <!-- Suite -->
</testng-results>
